<?xml version="1.0" encoding="utf-8"?><testsuites name="pytest tests"><testsuite name="pytest" errors="0" failures="0" skipped="0" tests="12" time="0.902" timestamp="2026-07-09T20:32:46.536689+00:00" hostname="agent-env-ae670cb9-179b-40fd-8d41-e25a7f947c69"><testcase classname="tests.test_auto_investigate" name="test_detect_format_payload" time="0.025" /><testcase classname="tests.test_auto_investigate" name="test_detect_format_xml_log" time="0.042" /><testcase classname="tests.test_auto_investigate" name="test_detect_format_json_payload_not_log" time="0.043" /><testcase classname="tests.test_auto_investigate" name="test_auto_investigate_sample[powershell-encoded]" time="0.045" /><testcase classname="tests.test_auto_investigate" name="test_auto_investigate_sample[mshta-lolbin]" time="0.044" /><testcase classname="tests.test_auto_investigate" name="test_auto_investigate_sample[certutil-download]" time="0.044" /><testcase classname="tests.test_auto_investigate" name="test_auto_investigate_sample[rundll32-hta-chain]" time="0.044" /><testcase classname="tests.test_auto_investigate" name="test_auto_investigate_sample[office-macro-auto-open]" time="0.044" /><testcase classname="tests.test_auto_investigate" name="test_auto_investigate_sample[ransomware-note]" time="0.045" /><testcase classname="tests.test_auto_investigate" name="test_auto_investigate_sample[nested-b64-gzip]" time="0.044" /><testcase classname="tests.test_auto_investigate" name="test_auto_investigate_sample[sysmon-xml-process-create]" time="0.043" /><testcase classname="tests.test_auto_investigate" name="test_auto_investigate_rejects_empty" time="0.042" /></testsuite></testsuites>