<?xml version="1.0" encoding="utf-8"?><testsuites name="pytest tests"><testsuite name="pytest" errors="0" failures="0" skipped="0" tests="9" time="0.776" timestamp="2026-07-09T18:39:23.124146+00:00" hostname="agent-env-ae670cb9-179b-40fd-8d41-e25a7f947c69"><testcase classname="tests.test_cyberlab" name="test_list_plugins" time="0.025" /><testcase classname="tests.test_cyberlab" name="test_list_rules" time="0.042" /><testcase classname="tests.test_cyberlab" name="test_auto_decode_powershell_encoded" time="0.044" /><testcase classname="tests.test_cyberlab" name="test_analyze_ransomware" time="0.043" /><testcase classname="tests.test_cyberlab" name="test_run_recipe_manual" time="0.042" /><testcase classname="tests.test_cyberlab" name="test_run_recipe_xor" time="0.042" /><testcase classname="tests.test_cyberlab" name="test_extract_iocs_endpoint" time="0.042" /><testcase classname="tests.test_cyberlab" name="test_auto_decode_nested_base64" time="0.042" /><testcase classname="tests.test_cyberlab" name="test_yara_lite_mimikatz" time="0.044" /></testsuite></testsuites>