<?xml version="1.0" encoding="utf-8"?><testsuites name="pytest tests"><testsuite name="pytest" errors="0" failures="1" skipped="0" tests="17" time="3.302" timestamp="2026-07-13T03:51:25.958420+00:00" hostname="agent-env-ae670cb9-179b-40fd-8d41-e25a7f947c69"><testcase classname="tests.test_forge_training.TestConfig" name="test_get_config" time="0.688" /><testcase classname="tests.test_forge_training.TestConfig" name="test_put_config_persist" time="0.322" /><testcase classname="tests.test_forge_training.TestCRUD" name="test_create_returns_id" time="0.798" /><testcase classname="tests.test_forge_training.TestCRUD" name="test_create_empty_title_400" time="0.131" /><testcase classname="tests.test_forge_training.TestCRUD" name="test_list_returns_created" time="0.133" /><testcase classname="tests.test_forge_training.TestConfig" name="test_persona_capped_at_10k" time="0.350" /><testcase classname="tests.test_forge_training.TestCRUD" name="test_list_search_q" time="0.129" /><testcase classname="tests.test_forge_training.TestCRUD" name="test_list_filter_case_type" time="0.114" /><testcase classname="tests.test_forge_training.TestCRUD" name="test_get_single" time="0.116" /><testcase classname="tests.test_forge_training.TestAuth" name="test_list_requires_auth" time="0.142" /><testcase classname="tests.test_forge_training.TestCRUD" name="test_get_unknown_404" time="0.107" /><testcase classname="tests.test_forge_training.TestAuth" name="test_create_requires_auth" time="0.155" /><testcase classname="tests.test_forge_training.TestCRUD" name="test_update" time="0.306" /><testcase classname="tests.test_forge_training.TestAttachments" name="test_upload_and_download_and_delete" time="0.545" /><testcase classname="tests.test_forge_training.TestRegression" name="test_forge_investigation_report_deterministic" time="0.100"><failure message="AssertionError: {&quot;detail&quot;:[{&quot;type&quot;:&quot;missing&quot;,&quot;loc&quot;:[&quot;body&quot;,&quot;data&quot;],&quot;msg&quot;:&quot;Field required&quot;,&quot;input&quot;:{&quot;raw_data&quot;:&quot;src=10.0.0.5 hash=abc123&quot;,&quot;ai_mode&quot;:false},&quot;url&quot;:&quot;https://errors.pydantic.dev/2.13/v/missing&quot;}]}&#10;assert 422 == 200&#10; +  where 422 = &lt;Response [422]&gt;.status_code">backend/tests/test_forge_training.py:235: in test_forge_investigation_report_deterministic
    assert r.status_code == 200, r.text
E   AssertionError: {"detail":[{"type":"missing","loc":["body","data"],"msg":"Field required","input":{"raw_data":"src=10.0.0.5 hash=abc123","ai_mode":false},"url":"https://errors.pydantic.dev/2.13/v/missing"}]}
E   assert 422 == 200
E    +  where 422 = &lt;Response [422]&gt;.status_code</failure></testcase><testcase classname="tests.test_forge_training.TestRegression" name="test_ioc_lookup_batch" time="0.228" /><testcase classname="tests.test_forge_training.TestAttachments" name="test_upload_too_large_413" time="0.563" /></testsuite></testsuites>