<?xml version="1.0" encoding="utf-8"?><testsuites name="pytest tests"><testsuite name="pytest" errors="0" failures="1" skipped="0" tests="13" time="1.407" timestamp="2026-07-13T03:13:21.178224+00:00" hostname="agent-env-ae670cb9-179b-40fd-8d41-e25a7f947c69"><testcase classname="tests.test_forge_dns_proxy.TestFormatParsing" name="test_lines_5" time="0.210" /><testcase classname="tests.test_forge_dns_proxy.TestRegression" name="test_batch_summary" time="0.250" /><testcase classname="tests.test_forge_dns_proxy.TestFormatParsing" name="test_sentences_3" time="0.106" /><testcase classname="tests.test_forge_dns_proxy.TestRegression" name="test_lookup_batch" time="0.160" /><testcase classname="tests.test_forge_dns_proxy.TestFormatParsing" name="test_bullets" time="0.143" /><testcase classname="tests.test_forge_dns_proxy.TestRegression" name="test_cyberlab_enrich" time="0.167" /><testcase classname="tests.test_forge_dns_proxy.TestFormatParsing" name="test_paragraphs_1_verbose" time="0.172" /><testcase classname="tests.test_forge_dns_proxy.TestRegression" name="test_ioc_ai_summary" time="0.142"><failure message="AssertionError: {&quot;detail&quot;:[{&quot;type&quot;:&quot;missing&quot;,&quot;loc&quot;:[&quot;body&quot;,&quot;value&quot;],&quot;msg&quot;:&quot;Field required&quot;,&quot;input&quot;:{&quot;values&quot;:[&quot;8.8.8.8&quot;]},&quot;url&quot;:&quot;https://errors.pydantic.dev/2.13/v/missing&quot;}]}&#10;assert 422 == 200&#10; +  where 422 = &lt;Response [422]&gt;.status_code">backend/tests/test_forge_dns_proxy.py:157: in test_ioc_ai_summary
    assert r.status_code == 200, r.text
E   AssertionError: {"detail":[{"type":"missing","loc":["body","value"],"msg":"Field required","input":{"values":["8.8.8.8"]},"url":"https://errors.pydantic.dev/2.13/v/missing"}]}
E   assert 422 == 200
E    +  where 422 = &lt;Response [422]&gt;.status_code</failure></testcase><testcase classname="tests.test_forge_dns_proxy.TestCaseType" name="test_malware_case_hash" time="0.143" /><testcase classname="tests.test_forge_dns_proxy.TestWWWWWH" name="test_target_hit_multiplicity" time="0.182" /><testcase classname="tests.test_forge_dns_proxy.TestCaseType" name="test_dns_proxy_case" time="0.096" /><testcase classname="tests.test_forge_dns_proxy.TestCaseType" name="test_mixed_case" time="0.110" /><testcase classname="tests.test_forge_dns_proxy.TestWWWWWH" name="test_action_counts_surface" time="0.139" /></testsuite></testsuites>