<?xml version="1.0" encoding="utf-8"?><testsuites name="pytest tests"><testsuite name="pytest" errors="0" failures="0" skipped="0" tests="10" time="22.024" timestamp="2026-07-13T03:32:02.171127+00:00" hostname="agent-env-ae670cb9-179b-40fd-8d41-e25a7f947c69"><testcase classname="tests.test_forge_ai_narrative" name="test_ai_mode_gemini3_flash" time="5.763" /><testcase classname="tests.test_forge_ai_narrative" name="test_ai_mode_gemini35_flash" time="5.711" /><testcase classname="tests.test_forge_ai_narrative" name="test_ai_mode_unknown_model_falls_back" time="3.913" /><testcase classname="tests.test_forge_ai_narrative" name="test_ai_narrative_contains_real_facts_no_fabrication" time="4.565" /><testcase classname="tests.test_forge_ai_narrative" name="test_deterministic_default_no_ai_field" time="0.048" /><testcase classname="tests.test_forge_ai_narrative" name="test_deterministic_when_ai_mode_omitted" time="0.047" /><testcase classname="tests.test_forge_ai_narrative" name="test_iocs_batch_summary" time="1.710" /><testcase classname="tests.test_forge_ai_narrative" name="test_ioc_lookup_batch" time="0.072" /><testcase classname="tests.test_forge_ai_narrative" name="test_cyberlab_enrich_iocs" time="0.071" /><testcase classname="tests.test_forge_ai_narrative" name="test_ioc_ai_summary" time="0.049" /></testsuite></testsuites>