<?xml version="1.0" encoding="utf-8"?><testsuites name="pytest tests"><testsuite name="pytest" errors="0" failures="0" skipped="0" tests="19" time="8.784" timestamp="2026-07-13T03:20:40.910618+00:00" hostname="agent-env-ae670cb9-179b-40fd-8d41-e25a7f947c69"><testcase classname="tests.test_forge_dynamic_recs" name="test_detection_A_blocked_no_osint" time="0.135" /><testcase classname="tests.test_forge_dynamic_recs" name="test_detection_B_allowed_triggers_browser_ext_rule" time="0.122" /><testcase classname="tests.test_forge_dynamic_recs" name="test_detection_C_quarantined_hash" time="0.102" /><testcase classname="tests.test_forge_dynamic_recs" name="test_detection_D_detected_but_not_enforced" time="0.104" /><testcase classname="tests.test_forge_dynamic_recs" name="test_detection_E_real_osint_urgent" time="6.217" /><testcase classname="tests.test_forge_dynamic_recs" name="test_two_dns_proxy_detections_produce_different_lists" time="0.206" /><testcase classname="tests.test_forge_dynamic_recs" name="test_two_malware_detections_produce_different_lists" time="0.192" /><testcase classname="tests.test_forge_dynamic_recs" name="test_case_type_regression[EDR quarantined hash 44d88612fea8a8f36de82e1278abb02f on host X.-malware]" time="0.131" /><testcase classname="tests.test_forge_dynamic_recs" name="test_case_type_regression[Umbrella BLOCKED requests to example.com-dns_proxy]" time="0.116" /><testcase classname="tests.test_forge_dynamic_recs" name="test_case_type_regression[Umbrella ALLOWED to evil.com AND EDR flagged hash 44d88612fea8a8f36de82e1278abb02f-mixed]" time="0.111" /><testcase classname="tests.test_forge_dynamic_recs" name="test_case_type_regression[Nothing much to see here today.-generic]" time="0.100" /><testcase classname="tests.test_forge_dynamic_recs" name="test_format_lines" time="0.143" /><testcase classname="tests.test_forge_dynamic_recs" name="test_format_sentences" time="0.093" /><testcase classname="tests.test_forge_dynamic_recs" name="test_format_bullets" time="0.101" /><testcase classname="tests.test_forge_dynamic_recs" name="test_format_paragraph_verbose" time="0.102" /><testcase classname="tests.test_forge_dynamic_recs" name="test_regression_batch_summary" time="0.122" /><testcase classname="tests.test_forge_dynamic_recs" name="test_regression_ioc_lookup_batch" time="0.114" /><testcase classname="tests.test_forge_dynamic_recs" name="test_regression_cyberlab_enrich_iocs" time="0.116" /><testcase classname="tests.test_forge_dynamic_recs" name="test_regression_ioc_ai_summary" time="0.099" /></testsuite></testsuites>