<?xml version="1.0" encoding="utf-8"?><testsuites name="pytest tests"><testsuite name="pytest" errors="0" failures="0" skipped="0" tests="7" time="2.980" timestamp="2026-07-08T17:26:54.994064+00:00" hostname="agent-env-ae670cb9-179b-40fd-8d41-e25a7f947c69"><testcase classname="tests.test_ioc_lookup" name="test_ip_lookup" time="0.446" /><testcase classname="tests.test_ioc_lookup" name="test_md5_hash_lookup" time="0.118" /><testcase classname="tests.test_ioc_lookup" name="test_domain_lookup" time="0.995" /><testcase classname="tests.test_ioc_lookup" name="test_url_lookup" time="0.592" /><testcase classname="tests.test_ioc_lookup" name="test_unrecognizable_returns_422" time="0.133" /><testcase classname="tests.test_ioc_lookup" name="test_empty_returns_400" time="0.114" /><testcase classname="tests.test_ioc_lookup" name="test_too_long_returns_400" time="0.101" /></testsuite></testsuites>