<?xml version="1.0" encoding="utf-8"?><testsuites name="pytest tests"><testsuite name="pytest" errors="0" failures="0" skipped="0" tests="17" time="4.923" timestamp="2026-07-12T09:28:22.333336+00:00" hostname="agent-env-ae670cb9-179b-40fd-8d41-e25a7f947c69"><testcase classname="tests.test_iter24_auth_bookmarks" name="test_signup_and_role" time="0.620" /><testcase classname="tests.test_iter24_auth_bookmarks" name="test_weak_password_rejected" time="0.098" /><testcase classname="tests.test_iter24_auth_bookmarks" name="test_duplicate_email_rejected" time="0.102" /><testcase classname="tests.test_iter24_auth_bookmarks" name="test_user_blocked_from_threats_post" time="0.104" /><testcase classname="tests.test_iter24_auth_bookmarks" name="test_admin_can_get_me" time="0.578" /><testcase classname="tests.test_iter24_auth_bookmarks" name="test_bookmark_add_and_list" time="0.572" /><testcase classname="tests.test_iter24_auth_bookmarks" name="test_bookmark_remove" time="0.269" /><testcase classname="tests.test_iter24_auth_bookmarks" name="test_watchlist_add_valid_ip" time="0.533" /><testcase classname="tests.test_iter24_auth_bookmarks" name="test_watchlist_duplicate_rejected" time="0.423" /><testcase classname="tests.test_iter24_auth_bookmarks" name="test_watchlist_invalid_rejected" time="0.112" /><testcase classname="tests.test_iter24_auth_bookmarks" name="test_threat_actors_index" time="0.103" /><testcase classname="tests.test_iter24_auth_bookmarks" name="test_apt41_related_incidents" time="0.098" /><testcase classname="tests.test_iter24_auth_bookmarks" name="test_live_feed_limit_50" time="0.309" /><testcase classname="tests.test_iter24_auth_bookmarks" name="test_live_feed_limit_200" time="0.140" /><testcase classname="tests.test_iter24_auth_bookmarks" name="test_live_feed_limit_cap_500" time="0.107" /><testcase classname="tests.test_iter24_auth_bookmarks" name="test_ioc_sync_status_has_new_feeds" time="0.095" /><testcase classname="tests.test_iter24_auth_bookmarks" name="test_actors_backward_compat" time="0.102" /></testsuite></testsuites>