<?xml version="1.0" encoding="utf-8"?><testsuites name="pytest tests"><testsuite name="pytest" errors="0" failures="0" skipped="0" tests="9" time="11.823" timestamp="2026-07-13T04:52:59.663317+00:00" hostname="agent-env-ae670cb9-179b-40fd-8d41-e25a7f947c69"><testcase classname="tests.test_iter31_refinements" name="test_refinement_unauth_returns_401" time="0.223" /><testcase classname="tests.test_iter31_refinements" name="test_refinement_missing_narrative_returns_400" time="0.435" /><testcase classname="tests.test_iter31_refinements" name="test_refinement_missing_raw_returns_400" time="0.103" /><testcase classname="tests.test_iter31_refinements" name="test_refinement_create_persists_with_source_field" time="0.706" /><testcase classname="tests.test_iter31_refinements" name="test_refinement_style_influences_new_ai_report" time="8.097" /><testcase classname="tests.test_iter31_refinements" name="test_regression_offline_investigation_report" time="0.114" /><testcase classname="tests.test_iter31_refinements" name="test_regression_ioc_lookup_batch" time="0.162" /><testcase classname="tests.test_iter31_refinements" name="test_regression_admin_training_list" time="0.097" /><testcase classname="tests.test_iter31_refinements" name="test_regression_ocr_endpoint_exists" time="1.503" /></testsuite></testsuites>