<?xml version="1.0" encoding="utf-8"?><testsuites name="pytest tests"><testsuite name="pytest" errors="0" failures="0" skipped="0" tests="59" time="27.382" timestamp="2026-07-13T05:45:02.599253+00:00" hostname="agent-env-ae670cb9-179b-40fd-8d41-e25a7f947c69"><testcase classname="tests.test_forge_dynamic_recs" name="test_detection_A_blocked_no_osint" time="0.221" /><testcase classname="tests.test_forge_ai_narrative" name="test_ai_mode_gemini3_flash" time="6.144" /><testcase classname="tests.test_forge_dynamic_recs" name="test_detection_B_allowed_triggers_browser_ext_rule" time="0.094" /><testcase classname="tests.test_forge_dynamic_recs" name="test_detection_C_quarantined_hash" time="0.095" /><testcase classname="tests.test_forge_dynamic_recs" name="test_detection_D_detected_but_not_enforced" time="0.105" /><testcase classname="tests.test_forge_dynamic_recs" name="test_detection_E_real_osint_urgent" time="6.181" /><testcase classname="tests.test_forge_ai_narrative" name="test_ai_mode_gemini35_flash" time="5.705" /><testcase classname="tests.test_forge_dynamic_recs" name="test_two_dns_proxy_detections_produce_different_lists" time="0.216" /><testcase classname="tests.test_forge_dynamic_recs" name="test_two_malware_detections_produce_different_lists" time="0.202" /><testcase classname="tests.test_forge_dynamic_recs" name="test_case_type_regression[EDR quarantined hash 44d88612fea8a8f36de82e1278abb02f on host X.-malware]" time="0.098" /><testcase classname="tests.test_forge_dynamic_recs" name="test_case_type_regression[Umbrella BLOCKED requests to example.com-dns_proxy]" time="0.096" /><testcase classname="tests.test_forge_dynamic_recs" name="test_case_type_regression[Umbrella ALLOWED to evil.com AND EDR flagged hash 44d88612fea8a8f36de82e1278abb02f-mixed]" time="0.091" /><testcase classname="tests.test_forge_dynamic_recs" name="test_case_type_regression[Nothing much to see here today.-generic]" time="0.097" /><testcase classname="tests.test_forge_dynamic_recs" name="test_format_lines" time="0.131" /><testcase classname="tests.test_forge_dynamic_recs" name="test_format_sentences" time="0.097" /><testcase classname="tests.test_forge_dynamic_recs" name="test_format_bullets" time="0.094" /><testcase classname="tests.test_forge_dynamic_recs" name="test_format_paragraph_verbose" time="0.096" /><testcase classname="tests.test_forge_dynamic_recs" name="test_regression_batch_summary" time="0.119" /><testcase classname="tests.test_forge_dynamic_recs" name="test_regression_ioc_lookup_batch" time="0.124" /><testcase classname="tests.test_forge_dynamic_recs" name="test_regression_cyberlab_enrich_iocs" time="0.114" /><testcase classname="tests.test_forge_dynamic_recs" name="test_regression_ioc_ai_summary" time="0.089" /><testcase classname="tests.test_forge_training.TestCRUD" name="test_create_returns_id" time="0.410" /><testcase classname="tests.test_forge_training.TestCRUD" name="test_create_empty_title_400" time="0.099" /><testcase classname="tests.test_forge_training.TestCRUD" name="test_list_returns_created" time="0.100" /><testcase classname="tests.test_forge_training.TestCRUD" name="test_list_search_q" time="0.110" /><testcase classname="tests.test_forge_training.TestCRUD" name="test_list_filter_case_type" time="0.098" /><testcase classname="tests.test_forge_training.TestCRUD" name="test_get_single" time="0.093" /><testcase classname="tests.test_forge_training.TestCRUD" name="test_get_unknown_404" time="0.104" /><testcase classname="tests.test_forge_training.TestCRUD" name="test_update" time="0.300" /><testcase classname="tests.test_forge_dns_proxy.TestFormatParsing" name="test_lines_5" time="0.090" /><testcase classname="tests.test_forge_dns_proxy.TestFormatParsing" name="test_sentences_3" time="0.091" /><testcase classname="tests.test_forge_dns_proxy.TestFormatParsing" name="test_bullets" time="0.099" /><testcase classname="tests.test_forge_dns_proxy.TestFormatParsing" name="test_paragraphs_1_verbose" time="0.095" /><testcase classname="tests.test_forge_dns_proxy.TestRegression" name="test_batch_summary" time="0.122" /><testcase classname="tests.test_forge_dns_proxy.TestRegression" name="test_lookup_batch" time="0.117" /><testcase classname="tests.test_forge_dns_proxy.TestRegression" name="test_cyberlab_enrich" time="0.114" /><testcase classname="tests.test_forge_dns_proxy.TestRegression" name="test_ioc_ai_summary" time="0.102" /><testcase classname="tests.test_forge_dns_proxy.TestCaseType" name="test_malware_case_hash" time="0.094" /><testcase classname="tests.test_forge_dns_proxy.TestCaseType" name="test_dns_proxy_case" time="0.097" /><testcase classname="tests.test_forge_dns_proxy.TestCaseType" name="test_mixed_case" time="0.096" /><testcase classname="tests.test_forge_training.TestConfig" name="test_get_config" time="0.412" /><testcase classname="tests.test_forge_training.TestConfig" name="test_put_config_persist" time="0.266" /><testcase classname="tests.test_forge_training.TestConfig" name="test_persona_capped_at_10k" time="0.199" /><testcase classname="tests.test_forge_dns_proxy.TestWWWWWH" name="test_target_hit_multiplicity" time="0.096" /><testcase classname="tests.test_forge_dns_proxy.TestWWWWWH" name="test_action_counts_surface" time="0.108" /><testcase classname="tests.test_forge_ai_narrative" name="test_ai_mode_unknown_model_falls_back" time="4.858" /><testcase classname="tests.test_forge_training.TestAuth" name="test_list_requires_auth" time="0.099" /><testcase classname="tests.test_forge_training.TestAuth" name="test_create_requires_auth" time="0.101" /><testcase classname="tests.test_forge_training.TestAttachments" name="test_upload_and_download_and_delete" time="1.010" /><testcase classname="tests.test_forge_training.TestAttachments" name="test_upload_too_large_413" time="0.419" /><testcase classname="tests.test_forge_training.TestRegression" name="test_forge_investigation_report_deterministic" time="0.282" /><testcase classname="tests.test_forge_training.TestRegression" name="test_ioc_lookup_batch" time="0.210" /><testcase classname="tests.test_forge_ai_narrative" name="test_ai_narrative_contains_real_facts_no_fabrication" time="8.488" /><testcase classname="tests.test_forge_ai_narrative" name="test_deterministic_default_no_ai_field" time="0.045" /><testcase classname="tests.test_forge_ai_narrative" name="test_deterministic_when_ai_mode_omitted" time="0.042" /><testcase classname="tests.test_forge_ai_narrative" name="test_iocs_batch_summary" time="1.519" /><testcase classname="tests.test_forge_ai_narrative" name="test_ioc_lookup_batch" time="0.069" /><testcase classname="tests.test_forge_ai_narrative" name="test_cyberlab_enrich_iocs" time="0.068" /><testcase classname="tests.test_forge_ai_narrative" name="test_ioc_ai_summary" time="0.083" /></testsuite></testsuites>