<?xml version="1.0" encoding="utf-8"?><testsuites name="pytest tests"><testsuite name="pytest" errors="0" failures="3" skipped="0" tests="12" time="10.652" timestamp="2026-07-13T04:14:19.368819+00:00" hostname="agent-env-ae670cb9-179b-40fd-8d41-e25a7f947c69"><testcase classname="tests.test_iter30_ocr_and_ai.TestOCRImage" name="test_ocr_success_png" time="0.428" /><testcase classname="tests.test_iter30_ocr_and_ai.TestRegression" name="test_ioc_lookup_batch" time="0.431"><failure message="AssertionError: {&quot;detail&quot;:&quot;Provide at least one IOC to analyze&quot;}&#10;assert 400 == 200&#10; +  where 400 = &lt;Response [400]&gt;.status_code">backend/tests/test_iter30_ocr_and_ai.py:135: in test_ioc_lookup_batch
    assert r.status_code == 200, r.text
E   AssertionError: {"detail":"Provide at least one IOC to analyze"}
E   assert 400 == 200
E    +  where 400 = &lt;Response [400]&gt;.status_code</failure></testcase><testcase classname="tests.test_iter30_ocr_and_ai.TestOCRImage" name="test_ocr_rejects_non_image_415" time="0.051" /><testcase classname="tests.test_iter30_ocr_and_ai.TestRegression" name="test_iocs_batch_summary" time="0.048"><failure message="AssertionError: {&quot;detail&quot;:&quot;No IOCs to summarise&quot;}&#10;assert 400 == 200&#10; +  where 400 = &lt;Response [400]&gt;.status_code">backend/tests/test_iter30_ocr_and_ai.py:139: in test_iocs_batch_summary
    assert r.status_code == 200, r.text
E   AssertionError: {"detail":"No IOCs to summarise"}
E   assert 400 == 200
E    +  where 400 = &lt;Response [400]&gt;.status_code</failure></testcase><testcase classname="tests.test_iter30_ocr_and_ai.TestOCRImage" name="test_ocr_rejects_oversize_413" time="0.672" /><testcase classname="tests.test_iter30_ocr_and_ai.TestRegression" name="test_cyberlab_enrich" time="0.046"><failure message="AssertionError: {&quot;detail&quot;:&quot;Provide at least one IOC to enrich&quot;}&#10;assert 400 == 200&#10; +  where 400 = &lt;Response [400]&gt;.status_code">backend/tests/test_iter30_ocr_and_ai.py:143: in test_cyberlab_enrich
    assert r.status_code == 200, r.text
E   AssertionError: {"detail":"Provide at least one IOC to enrich"}
E   assert 400 == 200
E    +  where 400 = &lt;Response [400]&gt;.status_code</failure></testcase><testcase classname="tests.test_iter30_ocr_and_ai.TestRegression" name="test_admin_training_requires_auth" time="0.048" /><testcase classname="tests.test_iter30_ocr_and_ai.TestRegression" name="test_admin_training_with_auth" time="0.331" /><testcase classname="tests.test_iter30_ocr_and_ai.TestAttachmentOCR" name="test_image_attachment_gets_ocr_text" time="0.356" /><testcase classname="tests.test_iter30_ocr_and_ai.TestOCRImage" name="test_ocr_empty_400" time="0.044" /><testcase classname="tests.test_iter30_ocr_and_ai.TestInvestigationReport" name="test_offline_mode" time="0.935" /><testcase classname="tests.test_iter30_ocr_and_ai.TestInvestigationReport" name="test_ai_mode" time="8.124" /></testsuite></testsuites>