<?xml version="1.0" encoding="utf-8"?><testsuites name="pytest tests"><testsuite name="pytest" errors="0" failures="2" skipped="0" tests="8" time="2.142" timestamp="2026-07-13T02:37:21.789173+00:00" hostname="agent-env-ae670cb9-179b-40fd-8d41-e25a7f947c69"><testcase classname="tests.test_new_features" name="test_iocs_batch_summary_values" time="0.562" /><testcase classname="tests.test_new_features" name="test_iocs_batch_summary_precomputed_results" time="0.109" /><testcase classname="tests.test_new_features" name="test_forge_investigation_report_no_enrich" time="0.145" /><testcase classname="tests.test_new_features" name="test_forge_investigation_report_three_paragraphs" time="0.101" /><testcase classname="tests.test_new_features" name="test_forge_investigation_report_sentences_hint" time="0.139" /><testcase classname="tests.test_new_features" name="test_regression_ioc_lookup_batch" time="0.191" /><testcase classname="tests.test_new_features" name="test_regression_cyberlab_enrich_iocs" time="0.101"><failure message="assert 400 == 200&#10; +  where 400 = &lt;Response [400]&gt;.status_code">backend/tests/test_new_features.py:81: in test_regression_cyberlab_enrich_iocs
    assert r.status_code == 200
E   assert 400 == 200
E    +  where 400 = &lt;Response [400]&gt;.status_code</failure></testcase><testcase classname="tests.test_new_features" name="test_regression_ioc_ai_summary" time="0.156"><failure message="assert 422 in (200, 201)&#10; +  where 422 = &lt;Response [422]&gt;.status_code">backend/tests/test_new_features.py:87: in test_regression_ioc_ai_summary
    assert r.status_code in (200, 201)
E   assert 422 in (200, 201)
E    +  where 422 = &lt;Response [422]&gt;.status_code</failure></testcase></testsuite></testsuites>