<?xml version="1.0" encoding="utf-8"?><testsuites name="pytest tests"><testsuite name="pytest" errors="0" failures="1" skipped="0" tests="19" time="19.343" timestamp="2026-07-09T19:06:34.442710+00:00" hostname="agent-env-ae670cb9-179b-40fd-8d41-e25a7f947c69"><testcase classname="tests.test_cyberlab_phase4" name="test_share_create_and_fetch" time="0.069" /><testcase classname="tests.test_cyberlab" name="test_list_plugins" time="0.027" /><testcase classname="tests.test_cyberlab" name="test_list_rules" time="0.044"><failure message="AssertionError: assert 3 &gt;= 10&#10; +  where 3 = len({'builtin': [{'name': 'PowerShell_Downloader', 'tags': ['powershell', 'downloader'], 'severity': 'high', 'description': 'PowerShell one-liner used to download and execute a remote payload.', ...}, {'name': 'PowerShell_EncodedCommand', 'tags': ['powershell', 'obfuscation', 'T1027'], 'severity': 'high', 'description': 'PowerShell -EncodedCommand / -enc invocation.', ...}, {'name': 'Mimikatz_Command', 'tags': ['credential-dumping', 'mimikatz', 'T1003'], 'severity': 'critical', 'description': 'Mimikatz command line or module reference.', ...}, {'name': 'Cobalt_Strike_Beacon', 'tags': ['c2', 'cobaltstrike'], 'severity': 'critical', 'description': 'Indicators consistent with Cobalt Strike beacon config.', ...}, {'name': 'Ransomware_Note_Keywords', 'tags': ['ransomware', 'impact', 'T1486'], 'severity': 'critical', 'description': 'Text patterns typical of ransomware ransom notes.', ...}, {'name': 'Shadow_Copy_Deletion', 'tags': ['anti-recovery', 'T1490'], 'severity': 'high', 'description': 'Volume Shadow Copy deletion — classic ransomware anti-recovery step.', ...}, ...], 'admin': [], 'session': []})">backend/tests/test_cyberlab.py:34: in test_list_rules
    assert len(rules) &gt;= 10
E   AssertionError: assert 3 &gt;= 10
E    +  where 3 = len({'builtin': [{'name': 'PowerShell_Downloader', 'tags': ['powershell', 'downloader'], 'severity': 'high', 'description': 'PowerShell one-liner used to download and execute a remote payload.', ...}, {'name': 'PowerShell_EncodedCommand', 'tags': ['powershell', 'obfuscation', 'T1027'], 'severity': 'high', 'description': 'PowerShell -EncodedCommand / -enc invocation.', ...}, {'name': 'Mimikatz_Command', 'tags': ['credential-dumping', 'mimikatz', 'T1003'], 'severity': 'critical', 'description': 'Mimikatz command line or module reference.', ...}, {'name': 'Cobalt_Strike_Beacon', 'tags': ['c2', 'cobaltstrike'], 'severity': 'critical', 'description': 'Indicators consistent with Cobalt Strike beacon config.', ...}, {'name': 'Ransomware_Note_Keywords', 'tags': ['ransomware', 'impact', 'T1486'], 'severity': 'critical', 'description': 'Text patterns typical of ransomware ransom notes.', ...}, {'name': 'Shadow_Copy_Deletion', 'tags': ['anti-recovery', 'T1490'], 'severity': 'high', 'description': 'Volume Shadow Copy deletion — classic ransomware anti-recovery step.', ...}, ...], 'admin': [], 'session': []})</failure></testcase><testcase classname="tests.test_cyberlab_phase4" name="test_share_not_found_returns_404" time="0.043" /><testcase classname="tests.test_cyberlab" name="test_auto_decode_powershell_encoded" time="0.045" /><testcase classname="tests.test_cyberlab_phase4" name="test_export_pdf_returns_pdf_bytes" time="0.045" /><testcase classname="tests.test_cyberlab" name="test_analyze_ransomware" time="0.045" /><testcase classname="tests.test_cyberlab_phase4" name="test_export_markdown" time="0.042" /><testcase classname="tests.test_cyberlab" name="test_run_recipe_manual" time="0.042" /><testcase classname="tests.test_cyberlab_phase4" name="test_session_rule_add_and_fire" time="0.176" /><testcase classname="tests.test_cyberlab" name="test_run_recipe_xor" time="0.042" /><testcase classname="tests.test_cyberlab" name="test_extract_iocs_endpoint" time="0.043" /><testcase classname="tests.test_cyberlab" name="test_auto_decode_nested_base64" time="0.042" /><testcase classname="tests.test_cyberlab" name="test_yara_lite_mimikatz" time="0.044" /><testcase classname="tests.test_cyberlab_phase4" name="test_session_rule_bad_payload_rejected" time="0.042" /><testcase classname="tests.test_cyberlab_phase4" name="test_admin_rules_require_auth" time="0.043" /><testcase classname="tests.test_cyberlab_phase4" name="test_admin_rule_lifecycle_and_fire" time="0.487" /><testcase classname="tests.test_cyberlab_phase4" name="test_rules_endpoint_returns_all_scopes" time="0.044" /><testcase classname="tests.test_cyberlab_phase4" name="test_ai_analysis_returns_summary_sigma_yara" time="17.896" /></testsuite></testsuites>