<?xml version="1.0" encoding="utf-8"?><testsuites name="pytest tests"><testsuite name="pytest" errors="0" failures="0" skipped="0" tests="7" time="2.335" timestamp="2026-07-08T22:25:30.420156+00:00" hostname="agent-env-ae670cb9-179b-40fd-8d41-e25a7f947c69"><testcase classname="tests.test_soc_and_hybrid.TestAdminOverview" name="test_requires_auth" time="0.292" /><testcase classname="tests.test_soc_and_hybrid.TestIocLookupHybrid" name="test_sha256_has_hybrid" time="0.949" /><testcase classname="tests.test_soc_and_hybrid.TestAdminOverview" name="test_admin_overview_shape" time="0.477" /><testcase classname="tests.test_soc_and_hybrid.TestHybridQuickScanUrl" name="test_invalid_url_422" time="0.099" /><testcase classname="tests.test_soc_and_hybrid.TestHybridQuickScanUrl" name="test_valid_url_scan" time="1.133" /><testcase classname="tests.test_soc_and_hybrid.TestIocLookupHybrid" name="test_md5_skipped" time="0.756" /><testcase classname="tests.test_soc_and_hybrid.TestThreatIntelOverview" name="test_public_shape" time="0.127" /></testsuite></testsuites>