<?xml version="1.0" encoding="utf-8"?><testsuites name="pytest tests"><testsuite name="pytest" errors="0" failures="0" skipped="0" tests="6" time="4.779" timestamp="2026-07-08T20:03:57.526747+00:00" hostname="agent-env-ae670cb9-179b-40fd-8d41-e25a7f947c69"><testcase classname="tests.test_otx_and_bulk.TestOTX" name="test_otx_status_public" time="0.371" /><testcase classname="tests.test_otx_and_bulk.TestIocBulk" name="test_bulk_insert_flagged" time="0.588" /><testcase classname="tests.test_otx_and_bulk.TestOTX" name="test_otx_sync_requires_auth" time="0.154" /><testcase classname="tests.test_otx_and_bulk.TestOTX" name="test_otx_sync_manual_run" time="2.558" /><testcase classname="tests.test_otx_and_bulk.TestOTX" name="test_otx_iocs_persisted" time="0.112" /><testcase classname="tests.test_otx_and_bulk.TestOTX" name="test_otx_sync_idempotent" time="1.191" /></testsuite></testsuites>