<?xml version="1.0" encoding="utf-8"?><testsuites name="pytest tests"><testsuite name="pytest" errors="0" failures="0" skipped="0" tests="9" time="2.266" timestamp="2026-07-08T15:34:59.772106+00:00" hostname="agent-env-ae670cb9-179b-40fd-8d41-e25a7f947c69"><testcase classname="tests.test_nivx_backend" name="test_root" time="0.251" /><testcase classname="tests.test_nivx_backend" name="test_login_wrong_password" time="0.271" /><testcase classname="tests.test_nivx_backend" name="test_me_without_token" time="0.045" /><testcase classname="tests.test_nivx_backend" name="test_me_with_token" time="0.322" /><testcase classname="tests.test_nivx_backend" name="test_list_threats" time="0.053" /><testcase classname="tests.test_nivx_backend" name="test_get_threat_by_id_and_404" time="0.139" /><testcase classname="tests.test_nivx_backend" name="test_threat_crud_requires_auth" time="0.063" /><testcase classname="tests.test_nivx_backend" name="test_threat_full_crud" time="0.286" /><testcase classname="tests.test_nivx_backend" name="test_live_feed" time="0.284" /></testsuite></testsuites>