<?xml version="1.0" encoding="utf-8"?><testsuites name="pytest tests"><testsuite name="pytest" errors="0" failures="0" skipped="0" tests="24" time="5.854" timestamp="2026-07-08T17:07:40.450797+00:00" hostname="agent-env-ae670cb9-179b-40fd-8d41-e25a7f947c69"><testcase classname="tests.test_nivx_backend" name="test_root" time="0.353" /><testcase classname="tests.test_nivx_backend" name="test_login_wrong_password" time="0.278" /><testcase classname="tests.test_nivx_backend" name="test_me_without_token" time="0.048" /><testcase classname="tests.test_nivx_backend" name="test_me_with_token" time="0.316" /><testcase classname="tests.test_nivx_backend" name="test_list_threats" time="0.052" /><testcase classname="tests.test_nivx_backend" name="test_get_threat_by_id_and_404" time="0.145" /><testcase classname="tests.test_nivx_backend" name="test_threat_crud_requires_auth" time="0.049" /><testcase classname="tests.test_nivx_backend" name="test_threat_full_crud" time="0.293" /><testcase classname="tests.test_nivx_backend" name="test_live_feed" time="0.282" /><testcase classname="tests.test_nivx_backend" name="test_attack_feed" time="0.719" /><testcase classname="tests.test_nivx_backend" name="test_threats_has_seven_with_image" time="0.054" /><testcase classname="tests.test_nivx_backend" name="test_intel_feed" time="0.639" /><testcase classname="tests.test_nivx_backend" name="test_leads_get_requires_auth" time="0.054" /><testcase classname="tests.test_nivx_backend" name="test_lead_create_public_and_list" time="0.118" /><testcase classname="tests.test_nivx_backend" name="test_intel_report_invalid_name" time="0.051" /><testcase classname="tests.test_nivx_backend" name="test_intel_report_valid" time="0.241" /><testcase classname="tests.test_nivx_backend" name="test_intel_feed_pagination" time="0.430" /><testcase classname="tests.test_nivx_backend" name="test_intel_feed_type_filter" time="0.367" /><testcase classname="tests.test_nivx_backend" name="test_intel_feed_since_and_q" time="0.327" /><testcase classname="tests.test_nivx_backend" name="test_all_threats_have_process_tree" time="0.047" /><testcase classname="tests.test_nivx_backend" name="test_leads_patch_requires_auth" time="0.047" /><testcase classname="tests.test_nivx_backend" name="test_leads_patch_invalid_status" time="0.099" /><testcase classname="tests.test_nivx_backend" name="test_leads_patch_valid_status" time="0.190" /><testcase classname="tests.test_nivx_backend" name="test_lead_honeypot" time="0.094" /></testsuite></testsuites>