<?xml version="1.0" encoding="utf-8"?><testsuites name="pytest tests"><testsuite name="pytest" errors="0" failures="0" skipped="0" tests="11" time="14.769" timestamp="2026-07-10T05:53:53.244738+00:00" hostname="agent-env-ae670cb9-179b-40fd-8d41-e25a7f947c69"><testcase classname="tests.test_webhooks" name="test_unauth_endpoints_return_401" time="0.249" /><testcase classname="tests.test_webhooks" name="test_unauth_push_returns_401" time="0.047" /><testcase classname="tests.test_webhooks" name="test_presets_returns_all_targets" time="0.313" /><testcase classname="tests.test_webhooks" name="test_create_list_update_delete" time="0.229" /><testcase classname="tests.test_webhooks" name="test_test_push_dispatches_to_echo" time="4.418" /><testcase classname="tests.test_webhooks" name="test_real_push_uses_analyst_payload" time="4.324" /><testcase classname="tests.test_webhooks" name="test_disabled_webhook_refuses_push" time="0.194" /><testcase classname="tests.test_webhooks" name="test_delivery_history_records_pushes" time="4.412" /><testcase classname="tests.test_webhooks" name="test_render_template_substitutes_all_documented_vars" time="0.172" /><testcase classname="tests.test_webhooks" name="test_render_content_mode_strips_queries_in_bundle_iocs" time="0.000" /><testcase classname="tests.test_webhooks" name="test_render_content_mode_bundle_full_includes_queries" time="0.001" /></testsuite></testsuites>